[debug] [2023-04-13T06:59:19.667Z] ----------------------------------------------------------------------
[debug] [2023-04-13T06:59:19.672Z] Command:       C:\Program Files\nodejs\node.exe C:\Users\ADMIN\AppData\Roaming\npm\node_modules\firebase-tools\lib\bin\firebase.js init
[debug] [2023-04-13T06:59:19.674Z] CLI Version:   11.24.1
[debug] [2023-04-13T06:59:19.674Z] Platform:      win32
[debug] [2023-04-13T06:59:19.675Z] Node Version:  v16.17.0
[debug] [2023-04-13T06:59:19.677Z] Time:          Thu Apr 13 2023 12:29:19 GMT+0530 (India Standard Time)
[debug] [2023-04-13T06:59:19.678Z] ----------------------------------------------------------------------
[debug] 
[debug] [2023-04-13T06:59:19.867Z] > command requires scopes: ["email","openid","https://www.googleapis.com/auth/cloudplatformprojects.readonly","https://www.googleapis.com/auth/firebase","https://www.googleapis.com/auth/cloud-platform"]
[debug] [2023-04-13T06:59:19.869Z] > authorizing via signed-in user (nazeerahamed1724@gmail.com)
[info] 
     ######## #### ########  ######## ########     ###     ######  ########
     ##        ##  ##     ## ##       ##     ##  ##   ##  ##       ##
     ######    ##  ########  ######   ########  #########  ######  ######
     ##        ##  ##    ##  ##       ##     ## ##     ##       ## ##
     ##       #### ##     ## ######## ########  ##     ##  ######  ########

You're about to initialize a Firebase project in this directory:

  E:\01_Project\Project\FrontEnd\frontend

Before we get started, keep in mind:

  * You are initializing within an existing Firebase project directory

